2025-01-09 12:18:55,573 - elsapy.elsclient - INFO - Module loaded.
2025-01-09 12:18:55,582 - elsapy.elsentity - INFO - Module loaded.
2025-01-09 12:18:55,582 - elsapy.utils - INFO - Module loaded.
2025-01-09 12:18:55,586 - elsapy.elsprofile - INFO - Module loaded.
2025-01-09 12:18:55,586 - elsapy.elsdoc - INFO - Module loaded.
2025-01-09 12:18:55,591 - elsapy.elssearch - INFO - Module loaded.
2025-01-09 12:41:19,465 - elsapy.elsclient - INFO - Module loaded.
2025-01-09 12:41:19,470 - elsapy.elsentity - INFO - Module loaded.
2025-01-09 12:41:19,472 - elsapy.utils - INFO - Module loaded.
2025-01-09 12:41:19,473 - elsapy.elsprofile - INFO - Module loaded.
2025-01-09 12:41:19,475 - elsapy.elsdoc - INFO - Module loaded.
2025-01-09 12:41:19,477 - elsapy.elssearch - INFO - Module loaded.
2025-01-09 12:51:03,876 - elsapy.elsclient - INFO - Module loaded.
2025-01-09 12:51:03,881 - elsapy.elsentity - INFO - Module loaded.
2025-01-09 12:51:03,883 - elsapy.utils - INFO - Module loaded.
2025-01-09 12:51:03,883 - elsapy.elsprofile - INFO - Module loaded.
2025-01-09 12:51:03,883 - elsapy.elsdoc - INFO - Module loaded.
2025-01-09 12:51:03,883 - elsapy.elssearch - INFO - Module loaded.
2025-01-09 12:58:43,102 - elsapy.elsclient - INFO - Module loaded.
2025-01-09 12:58:43,102 - elsapy.elsentity - INFO - Module loaded.
2025-01-09 12:58:43,102 - elsapy.utils - INFO - Module loaded.
2025-01-09 12:58:43,111 - elsapy.elsprofile - INFO - Module loaded.
2025-01-09 12:58:43,113 - elsapy.elsdoc - INFO - Module loaded.
2025-01-09 12:58:43,113 - elsapy.elssearch - INFO - Module loaded.
2025-01-09 13:04:56,813 - elsapy.elsclient - INFO - Module loaded.
2025-01-09 13:04:56,813 - elsapy.elsentity - INFO - Module loaded.
2025-01-09 13:04:56,813 - elsapy.utils - INFO - Module loaded.
2025-01-09 13:04:56,821 - elsapy.elsprofile - INFO - Module loaded.
2025-01-09 13:04:56,822 - elsapy.elsdoc - INFO - Module loaded.
2025-01-09 13:04:56,822 - elsapy.elssearch - INFO - Module loaded.
2025-01-09 13:55:19,339 - elsapy.elsclient - INFO - Module loaded.
2025-01-09 13:55:19,345 - elsapy.elsentity - INFO - Module loaded.
2025-01-09 13:55:19,349 - elsapy.utils - INFO - Module loaded.
2025-01-09 13:55:19,349 - elsapy.elsprofile - INFO - Module loaded.
2025-01-09 13:55:19,353 - elsapy.elsdoc - INFO - Module loaded.
2025-01-09 13:55:19,357 - elsapy.elssearch - INFO - Module loaded.
2025-01-09 13:56:58,866 - elsapy.elsclient - INFO - Module loaded.
2025-01-09 13:56:58,871 - elsapy.elsentity - INFO - Module loaded.
2025-01-09 13:56:58,874 - elsapy.utils - INFO - Module loaded.
2025-01-09 13:56:58,875 - elsapy.elsprofile - INFO - Module loaded.
2025-01-09 13:56:58,877 - elsapy.elsdoc - INFO - Module loaded.
2025-01-09 13:56:58,880 - elsapy.elssearch - INFO - Module loaded.
2025-01-09 14:07:21,982 - elsapy.elsclient - INFO - Module loaded.
2025-01-09 14:07:21,982 - elsapy.elsentity - INFO - Module loaded.
2025-01-09 14:07:21,982 - elsapy.utils - INFO - Module loaded.
2025-01-09 14:07:21,992 - elsapy.elsprofile - INFO - Module loaded.
2025-01-09 14:07:21,994 - elsapy.elsdoc - INFO - Module loaded.
2025-01-09 14:07:21,994 - elsapy.elssearch - INFO - Module loaded.
2025-01-09 14:19:41,112 - elsapy.elsclient - INFO - Module loaded.
2025-01-09 14:19:41,117 - elsapy.elsentity - INFO - Module loaded.
2025-01-09 14:19:41,117 - elsapy.utils - INFO - Module loaded.
2025-01-09 14:19:41,117 - elsapy.elsprofile - INFO - Module loaded.
2025-01-09 14:19:41,123 - elsapy.elsdoc - INFO - Module loaded.
2025-01-09 14:19:41,123 - elsapy.elssearch - INFO - Module loaded.
2025-01-09 14:31:20,042 - elsapy.elsclient - INFO - Module loaded.
2025-01-09 14:31:20,044 - elsapy.elsentity - INFO - Module loaded.
2025-01-09 14:31:20,044 - elsapy.utils - INFO - Module loaded.
2025-01-09 14:31:20,044 - elsapy.elsprofile - INFO - Module loaded.
2025-01-09 14:31:20,052 - elsapy.elsdoc - INFO - Module loaded.
2025-01-09 14:31:20,052 - elsapy.elssearch - INFO - Module loaded.
2025-01-09 14:37:10,712 - elsapy.elsclient - INFO - Module loaded.
2025-01-09 14:37:10,712 - elsapy.elsentity - INFO - Module loaded.
2025-01-09 14:37:10,712 - elsapy.utils - INFO - Module loaded.
2025-01-09 14:37:10,712 - elsapy.elsprofile - INFO - Module loaded.
2025-01-09 14:37:10,722 - elsapy.elsdoc - INFO - Module loaded.
2025-01-09 14:37:10,725 - elsapy.elssearch - INFO - Module loaded.
2025-01-09 14:43:21,722 - elsapy.elsclient - INFO - Module loaded.
2025-01-09 14:43:21,722 - elsapy.elsentity - INFO - Module loaded.
2025-01-09 14:43:21,722 - elsapy.utils - INFO - Module loaded.
2025-01-09 14:43:21,732 - elsapy.elsprofile - INFO - Module loaded.
2025-01-09 14:43:21,733 - elsapy.elsdoc - INFO - Module loaded.
2025-01-09 14:43:21,733 - elsapy.elssearch - INFO - Module loaded.
2025-01-09 15:01:14,334 - elsapy.elsclient - INFO - Module loaded.
2025-01-09 15:01:14,342 - elsapy.elsentity - INFO - Module loaded.
2025-01-09 15:01:14,343 - elsapy.utils - INFO - Module loaded.
2025-01-09 15:01:14,343 - elsapy.elsprofile - INFO - Module loaded.
2025-01-09 15:01:14,343 - elsapy.elsdoc - INFO - Module loaded.
2025-01-09 15:01:14,351 - elsapy.elssearch - INFO - Module loaded.
